<component name="libraryTable">
  <library name="junit-4.11">
    <CLASSES>
      <root url="jar://$PROJECT_DIR$/../../../../work/Project/LocalRepos/localrepos_17/junit/junit/4.11/junit-4.11.jar!/" />
      <root url="jar://$PROJECT_DIR$/../../../../work/Project/LocalRepos/localrepos_17/org/mockito/mockito-core/1.9.5/mockito-core-1.9.5.jar!/" />
      <root url="jar://$PROJECT_DIR$/../../../../work/Project/LocalRepos/localrepos_17/org/hamcrest/hamcrest-core/1.3/hamcrest-core-1.3.jar!/" />
    </CLASSES>
    <JAVADOC />
    <SOURCES>
      <root url="jar://$PROJECT_DIR$/../../../../work/Project/LocalRepos/localrepos_17/org/mockito/mockito-core/1.9.5/mockito-core-1.9.5.jar!/" />
    </SOURCES>
  </library>
</component>